<?xml version="1.0" encoding="UTF-8"?>
<!-- Generated by org.testng.reporters.JUnitReportReporter -->
<testsuite hostname="DESKTOP-5I8QE3D" failures="0" tests="1" name="runner.test_runner" time="21.264" errors="0" timestamp="4 Nov 2022 05:40:51 GMT">
  <testcase classname="runner.test_runner" name="runScenario" time="21.264"/>
</testsuite> <!-- runner.test_runner -->
