<?xml version="1.0" encoding="UTF-8"?>
<!-- Generated by org.testng.reporters.JUnitReportReporter -->
<testsuite hostname="DESKTOP-5I8QE3D" failures="0" tests="2" name="runner.test_runner" time="36.709" errors="0" timestamp="4 Nov 2022 05:43:46 GMT">
  <testcase classname="runner.test_runner" name="runScenario" time="16.986"/>
  <testcase classname="runner.test_runner" name="runScenario" time="19.723"/>
</testsuite> <!-- runner.test_runner -->
